<?xml version="1.0" encoding="UTF-8"?>
<!-- Generated by org.testng.reporters.JUnitXMLReporter -->
<testsuite hostname="DESKTOP-L965NKF" ignored="3" name="PersonalLoan" tests="5" failures="0" timestamp="10 Jun 2018 16:03:27 GMT" time="0.078" errors="0">
  <testcase name="demo" time="0.01" classname="uDemyTest.Day1"/>
  <testcase name="secondTest" time="0.001" classname="uDemyTest.Day1"/>
  <testcase name="documents" time="0.009" classname="uDemyTest.Day2"/>
  <testcase name="urlPara" time="0.001" classname="uDemyTest.Day2"/>
  <testcase name="mobileLogin" time="0.002" classname="uDemyTest.Day3"/>
  <testcase name="webLogin" time="0.0" classname="uDemyTest.Day3">
    <ignored/>
  </testcase> <!-- webLogin -->
  <testcase name="ploan" time="0.0" classname="uDemyTest.Day2">
    <ignored/>
  </testcase> <!-- ploan -->
  <testcase name="transfer" time="0.0" classname="uDemyTest.Day3">
    <ignored/>
  </testcase> <!-- transfer -->
</testsuite> <!-- PersonalLoan -->
