<?xml version="1.0" encoding="UTF-8"?>
<testng-results skipped="0" failed="0" ignored="0" total="3" passed="3">
  <reporter-output>
  </reporter-output>
  <suite name="Default suite" duration-ms="99" started-at="2018-06-17T09:14:09Z" finished-at="2018-06-17T09:14:09Z">
    <groups>
    </groups>
    <test name="Default test" duration-ms="99" started-at="2018-06-17T09:14:09Z" finished-at="2018-06-17T09:14:09Z">
      <class name="uDemyTest.Day4">
        <test-method status="PASS" signature="login(java.lang.String, java.lang.String)[pri:0, instance:uDemyTest.Day4@100fc185]" name="login" duration-ms="28" started-at="2018-06-17T09:14:09Z" data-provider="getData" finished-at="2018-06-17T09:14:09Z">
          <params>
            <param index="0">
              <value>
                <![CDATA[1stUser]]>
              </value>
            </param>
            <param index="1">
              <value>
                <![CDATA[1stPass]]>
              </value>
            </param>
          </params>
          <reporter-output>
          </reporter-output>
        </test-method> <!-- login -->
        <test-method status="PASS" signature="login(java.lang.String, java.lang.String)[pri:0, instance:uDemyTest.Day4@100fc185]" name="login" duration-ms="3" started-at="2018-06-17T09:14:09Z" data-provider="getData" finished-at="2018-06-17T09:14:09Z">
          <params>
            <param index="0">
              <value>
                <![CDATA[2ndUser]]>
              </value>
            </param>
            <param index="1">
              <value>
                <![CDATA[2ndPass]]>
              </value>
            </param>
          </params>
          <reporter-output>
          </reporter-output>
        </test-method> <!-- login -->
        <test-method status="PASS" signature="login(java.lang.String, java.lang.String)[pri:0, instance:uDemyTest.Day4@100fc185]" name="login" duration-ms="3" started-at="2018-06-17T09:14:09Z" data-provider="getData" finished-at="2018-06-17T09:14:09Z">
          <params>
            <param index="0">
              <value>
                <![CDATA[3rdUser]]>
              </value>
            </param>
            <param index="1">
              <value>
                <![CDATA[3rdPass]]>
              </value>
            </param>
          </params>
          <reporter-output>
          </reporter-output>
        </test-method> <!-- login -->
      </class> <!-- uDemyTest.Day4 -->
    </test> <!-- Default test -->
  </suite> <!-- Default suite -->
</testng-results>
