<?xml version="1.0" encoding="UTF-8"?>
<testng-results skipped="0" failed="0" ignored="0" total="2" passed="2">
  <reporter-output>
  </reporter-output>
  <suite name="Default suite" duration-ms="29" started-at="2018-07-05T06:37:11Z" finished-at="2018-07-05T06:37:11Z">
    <groups>
      <group name="smoke">
        <method signature="Day1.secondTest()[pri:0, instance:uDemyTest.Day1@215be6bb]" name="secondTest" class="uDemyTest.Day1"/>
      </group> <!-- smoke -->
    </groups>
    <test name="Default test" duration-ms="29" started-at="2018-07-05T06:37:11Z" finished-at="2018-07-05T06:37:11Z">
      <class name="uDemyTest.Day1">
        <test-method status="PASS" signature="demo()[pri:0, instance:uDemyTest.Day1@215be6bb]" name="demo" duration-ms="7" started-at="2018-07-05T06:37:11Z" finished-at="2018-07-05T06:37:11Z">
          <reporter-output>
          </reporter-output>
        </test-method> <!-- demo -->
        <test-method status="PASS" signature="secondTest()[pri:0, instance:uDemyTest.Day1@215be6bb]" name="secondTest" duration-ms="1" started-at="2018-07-05T06:37:11Z" finished-at="2018-07-05T06:37:11Z">
          <reporter-output>
          </reporter-output>
        </test-method> <!-- secondTest -->
      </class> <!-- uDemyTest.Day1 -->
    </test> <!-- Default test -->
  </suite> <!-- Default suite -->
</testng-results>
