<?xml version="1.0" encoding="UTF-8"?>
<testng-results ignored="0" total="1" passed="1" failed="0" skipped="0">
  <reporter-output>
  </reporter-output>
  <suite started-at="2018-07-20T17:09:52Z" name="Default suite" finished-at="2018-07-20T17:09:52Z" duration-ms="32">
    <groups>
    </groups>
    <test started-at="2018-07-20T17:09:52Z" name="Default test" finished-at="2018-07-20T17:09:52Z" duration-ms="32">
      <class name="MavenTest.TestMaven.Dummy">
        <test-method signature="chumma()[pri:0, instance:MavenTest.TestMaven.Dummy@52102734]" started-at="2018-07-20T17:09:52Z" name="chumma" finished-at="2018-07-20T17:09:52Z" duration-ms="10" status="PASS">
          <reporter-output>
          </reporter-output>
        </test-method> <!-- chumma -->
      </class> <!-- MavenTest.TestMaven.Dummy -->
    </test> <!-- Default test -->
  </suite> <!-- Default suite -->
</testng-results>
