<?xml version="1.0" encoding="UTF-8"?>
<testng-results ignored="0" total="1" passed="1" failed="0" skipped="0">
  <reporter-output>
  </reporter-output>
  <suite started-at="2018-07-09T16:52:48Z" name="Default suite" finished-at="2018-07-09T16:52:48Z" duration-ms="26">
    <groups>
    </groups>
    <test started-at="2018-07-09T16:52:48Z" name="Default test" finished-at="2018-07-09T16:52:48Z" duration-ms="26">
      <class name="aArrayListMethods.ComparatorExamp">
        <test-method signature="comprtr()[pri:0, instance:aArrayListMethods.ComparatorExamp@5939a379]" started-at="2018-07-09T16:52:48Z" name="comprtr" finished-at="2018-07-09T16:52:48Z" duration-ms="9" status="PASS">
          <reporter-output>
          </reporter-output>
        </test-method> <!-- comprtr -->
      </class> <!-- aArrayListMethods.ComparatorExamp -->
    </test> <!-- Default test -->
  </suite> <!-- Default suite -->
</testng-results>
