<?xml version="1.0" encoding="UTF-8"?>
<!-- Generated by org.testng.reporters.JUnitXMLReporter -->
<testsuite ignored="3" hostname="Prem" failures="0" tests="1" name="Default test" time="22.226" errors="0" timestamp="29 Jul 2018 07:16:03 GMT">
  <testcase classname="com.mmt.qa.testcases.LoginPageTest" name="validateLoginpageTest" time="0.018"/>
  <testcase classname="com.mmt.qa.testcases.LoginPageTest" name="loginTest" time="0.0">
    <ignored/>
  </testcase> <!-- loginTest -->
  <testcase classname="com.mmt.qa.testcases.LoginPageTest" name="validateMmtLogoTest" time="0.0">
    <ignored/>
  </testcase> <!-- validateMmtLogoTest -->
  <testcase classname="com.mmt.qa.testcases.LoginPageTest" name="differenetLoginCredentialsTest" time="0.0">
    <ignored/>
  </testcase> <!-- differenetLoginCredentialsTest -->
</testsuite> <!-- Default test -->
