<?xml version="1.0" encoding="UTF-8"?>
<testng-results ignored="3" total="4" passed="1" failed="0" skipped="0">
  <reporter-output>
  </reporter-output>
  <suite started-at="2018-07-29T07:15:40Z" name="Default suite" finished-at="2018-07-29T07:16:02Z" duration-ms="22226">
    <groups>
    </groups>
    <test started-at="2018-07-29T07:15:40Z" name="Default test" finished-at="2018-07-29T07:16:02Z" duration-ms="22226">
      <class name="com.mmt.qa.testcases.LoginPageTest">
        <test-method is-config="true" signature="setup()[pri:0, instance:com.mmt.qa.testcases.LoginPageTest@1f97cf0d]" started-at="2018-07-29T07:15:40Z" name="setup" finished-at="2018-07-29T07:15:55Z" duration-ms="14768" status="PASS">
          <reporter-output>
          </reporter-output>
        </test-method> <!-- setup -->
        <test-method signature="validateLoginpageTest()[pri:1, instance:com.mmt.qa.testcases.LoginPageTest@1f97cf0d]" started-at="2018-07-29T07:15:55Z" name="validateLoginpageTest" finished-at="2018-07-29T07:15:55Z" duration-ms="18" status="PASS">
          <reporter-output>
          </reporter-output>
        </test-method> <!-- validateLoginpageTest -->
        <test-method is-config="true" signature="teardown()[pri:0, instance:com.mmt.qa.testcases.LoginPageTest@1f97cf0d]" started-at="2018-07-29T07:15:55Z" name="teardown" finished-at="2018-07-29T07:16:02Z" duration-ms="7416" status="PASS">
          <reporter-output>
          </reporter-output>
        </test-method> <!-- teardown -->
      </class> <!-- com.mmt.qa.testcases.LoginPageTest -->
    </test> <!-- Default test -->
  </suite> <!-- Default suite -->
</testng-results>
